<?xml version="1.0" encoding="UTF-8"?>
<testsuite xmlns:xsi="http://www.w3.org/2001/XMLSchema-instance" xsi:noNamespaceSchemaLocation="https://maven.apache.org/surefire/maven-surefire-plugin/xsd/surefire-test-report-3.0.xsd" version="3.0" name="com.example.accountManager.AccountManagerApplicationTests" time="3.274" tests="1" errors="0" skipped="0" failures="0">
  <properties>
[...]
</properties>
  <testcase name="contextLoads" classname="com.example.accountManager.AccountManagerApplicationTests" time="0.334">
    <system-out><![CDATA[14:47:57.919 [main] INFO org.springframework.test.context.support.AnnotationConfigContextLoaderUtils -- Could not detect default configuration classes for test class [com.example.accountManager.AccountManagerApplicationTests]: AccountManagerApplicationTests does not declare any static, non-private, non-final, nested classes annotated with @Configuration.
14:47:57.969 [main] INFO org.springframework.boot.test.context.SpringBootTestContextBootstrapper -- Found @SpringBootConfiguration com.example.accountManager.AccountManagerApplication for test class com.example.accountManager.AccountManagerApplicationTests
  .   ____          _            __ _ _
 /\\ / ___'_ __ _ _(_)_ __  __ _ \ \ \ \
( ( )\___ | '_ | '_| | '_ \/ _` | \ \ \ \
 \\/  ___)| |_)| | | | | || (_| |  ) ) ) )
  '  |____| .__|_| |_|_| |_\__, | / / / /
 =========|_|==============|___/=/_/_/_/

 :: Spring Boot ::                (v3.3.0)

2024-07-04T14:47:58.167+03:00  INFO 5324 --- [accountManager] [           main] c.e.a.AccountManagerApplicationTests     : Starting AccountManagerApplicationTests using Java 21.0.3 with PID 5324 (started by abdulla in /Users/abdulla/Desktop/Java/accountManager)
2024-07-04T14:47:58.168+03:00  INFO 5324 --- [accountManager] [           main] c.e.a.AccountManagerApplicationTests     : No active profile set, falling back to 1 default profile: "default"
2024-07-04T14:47:58.577+03:00  INFO 5324 --- [accountManager] [           main] .s.d.r.c.RepositoryConfigurationDelegate : Bootstrapping Spring Data JPA repositories in DEFAULT mode.
2024-07-04T14:47:58.615+03:00  INFO 5324 --- [accountManager] [           main] .s.d.r.c.RepositoryConfigurationDelegate : Finished Spring Data repository scanning in 34 ms. Found 6 JPA repository interfaces.
2024-07-04T14:47:58.870+03:00  INFO 5324 --- [accountManager] [           main] o.hibernate.jpa.internal.util.LogHelper  : HHH000204: Processing PersistenceUnitInfo [name: default]
2024-07-04T14:47:58.914+03:00  INFO 5324 --- [accountManager] [           main] org.hibernate.Version                    : HHH000412: Hibernate ORM core version 6.5.2.Final
2024-07-04T14:47:58.929+03:00  INFO 5324 --- [accountManager] [           main] o.h.c.internal.RegionFactoryInitiator    : HHH000026: Second-level cache disabled
2024-07-04T14:47:59.089+03:00  INFO 5324 --- [accountManager] [           main] o.s.o.j.p.SpringPersistenceUnitInfo      : No LoadTimeWeaver setup: ignoring JPA class transformer
2024-07-04T14:47:59.103+03:00  INFO 5324 --- [accountManager] [           main] com.zaxxer.hikari.HikariDataSource       : HikariPool-1 - Starting...
2024-07-04T14:47:59.225+03:00  INFO 5324 --- [accountManager] [           main] com.zaxxer.hikari.pool.HikariPool        : HikariPool-1 - Added connection org.postgresql.jdbc.PgConnection@2c0798bd
2024-07-04T14:47:59.226+03:00  INFO 5324 --- [accountManager] [           main] com.zaxxer.hikari.HikariDataSource       : HikariPool-1 - Start completed.
2024-07-04T14:47:59.244+03:00  WARN 5324 --- [accountManager] [           main] org.hibernate.orm.deprecation            : HHH90000025: PostgreSQLDialect does not need to be specified explicitly using 'hibernate.dialect' (remove the property setting and it will be selected by default)
2024-07-04T14:47:59.783+03:00  INFO 5324 --- [accountManager] [           main] o.h.e.t.j.p.i.JtaPlatformInitiator       : HHH000489: No JTA platform available (set 'hibernate.transaction.jta.platform' to enable JTA platform integration)
2024-07-04T14:47:59.877+03:00  INFO 5324 --- [accountManager] [           main] j.LocalContainerEntityManagerFactoryBean : Initialized JPA EntityManagerFactory for persistence unit 'default'
2024-07-04T14:48:00.480+03:00  WARN 5324 --- [accountManager] [           main] JpaBaseConfiguration$JpaWebConfiguration : spring.jpa.open-in-view is enabled by default. Therefore, database queries may be performed during view rendering. Explicitly configure spring.jpa.open-in-view to disable this warning
2024-07-04T14:48:00.748+03:00  INFO 5324 --- [accountManager] [           main] c.e.a.AccountManagerApplicationTests     : Started AccountManagerApplicationTests in 2.71 seconds (process running for 3.226)
]]></system-out>
    <system-err><![CDATA[WARNING: A Java agent has been loaded dynamically (/Users/abdulla/.m2/repository/net/bytebuddy/byte-buddy-agent/1.14.16/byte-buddy-agent-1.14.16.jar)
WARNING: If a serviceability tool is in use, please run with -XX:+EnableDynamicAgentLoading to hide this warning
WARNING: If a serviceability tool is not in use, please run with -Djdk.instrument.traceUsage for more information
WARNING: Dynamic loading of agents will be disallowed by default in a future release
]]></system-err>
  </testcase>
</testsuite>